This file contains any messages produced by compilers while
running configure, to aid debugging if configure makes a mistake.

It was created by configure, which was
generated by GNU Autoconf 2.59.  Invocation command line was

  $ ./configure --enable-maintainer-mode

## --------- ##
## Platform. ##
## --------- ##

hostname = langur
uname -m = x86_64
uname -r = 2.6.18-164.6.1.el5
uname -s = Linux
uname -v = #1 SMP Tue Oct 27 11:28:30 EDT 2009

/usr/bin/uname -p = unknown
/bin/uname -X     = unknown

/bin/arch              = x86_64
/usr/bin/arch -k       = unknown
/usr/convex/getsysinfo = unknown
hostinfo               = unknown
/bin/machine           = unknown
/usr/bin/oslevel       = unknown
/bin/universe          = unknown

PATH: .
PATH: /bin
PATH: /sbin
PATH: /usr/bin
PATH: /usr/sbin
PATH: ~/bin
PATH: /usr/bin/X11
PATH: /usr/local/bin
PATH: /usr/lib64/casapy/bin
PATH: /export/home/langur/sbhatnag/bin/Linux


## ----------- ##
## Core tests. ##
## ----------- ##

configure:1356: checking for a BSD-compatible install
configure:1411: result: /usr/bin/install -c
configure:1422: checking whether build environment is sane
configure:1465: result: yes
configure:1530: checking for gawk
configure:1546: found /bin/gawk
configure:1556: result: gawk
configure:1566: checking whether make sets $(MAKE)
configure:1586: result: yes
configure:1756: checking whether to enable maintainer-specific portions of Makefiles
configure:1765: result: yes
configure:1793: checking for style of include used by make
configure:1821: result: GNU
configure:1892: checking for gcc
configure:1908: found /usr/bin/gcc
configure:1918: result: gcc
configure:2162: checking for C compiler version
configure:2165: gcc --version </dev/null >&5
gcc (GCC) 4.1.2 20080704 (Red Hat 4.1.2-46)
Copyright (C) 2006 Free Software Foundation, Inc.
This is free software; see the source for copying conditions.  There is NO
warranty; not even for MERCHANTABILITY or FITNESS FOR A PARTICULAR PURPOSE.

configure:2168: $? = 0
configure:2170: gcc -v </dev/null >&5
Using built-in specs.
Target: x86_64-redhat-linux
Configured with: ../configure --prefix=/usr --mandir=/usr/share/man --infodir=/usr/share/info --enable-shared --enable-threads=posix --enable-checking=release --with-system-zlib --enable-__cxa_atexit --disable-libunwind-exceptions --enable-libgcj-multifile --enable-languages=c,c++,objc,obj-c++,java,fortran,ada --enable-java-awt=gtk --disable-dssi --enable-plugin --with-java-home=/usr/lib/jvm/java-1.4.2-gcj-1.4.2.0/jre --with-cpu=generic --host=x86_64-redhat-linux
Thread model: posix
gcc version 4.1.2 20080704 (Red Hat 4.1.2-46)
configure:2173: $? = 0
configure:2175: gcc -V </dev/null >&5
gcc: '-V' option must have argument
configure:2178: $? = 1
configure:2201: checking for C compiler default output file name
configure:2204: gcc    conftest.c  >&5
configure:2207: $? = 0
configure:2253: result: a.out
configure:2258: checking whether the C compiler works
configure:2264: ./a.out
configure:2267: $? = 0
configure:2284: result: yes
configure:2291: checking whether we are cross compiling
configure:2293: result: no
configure:2296: checking for suffix of executables
configure:2298: gcc -o conftest    conftest.c  >&5
configure:2301: $? = 0
configure:2326: result: 
configure:2332: checking for suffix of object files
configure:2353: gcc -c   conftest.c >&5
configure:2356: $? = 0
configure:2378: result: o
configure:2382: checking whether we are using the GNU C compiler
configure:2406: gcc -c   conftest.c >&5
configure:2412: $? = 0
configure:2416: test -z 
			 || test ! -s conftest.err
configure:2419: $? = 0
configure:2422: test -s conftest.o
configure:2425: $? = 0
configure:2438: result: yes
configure:2444: checking whether gcc accepts -g
configure:2465: gcc -c -g  conftest.c >&5
configure:2471: $? = 0
configure:2475: test -z 
			 || test ! -s conftest.err
configure:2478: $? = 0
configure:2481: test -s conftest.o
configure:2484: $? = 0
configure:2495: result: yes
configure:2512: checking for gcc option to accept ANSI C
configure:2582: gcc  -c -g -O2  conftest.c >&5
configure:2588: $? = 0
configure:2592: test -z 
			 || test ! -s conftest.err
configure:2595: $? = 0
configure:2598: test -s conftest.o
configure:2601: $? = 0
configure:2619: result: none needed
configure:2637: gcc -c -g -O2  conftest.c >&5
conftest.c:2: error: expected '=', ',', ';', 'asm' or '__attribute__' before 'me'
configure:2643: $? = 1
configure: failed program was:
| #ifndef __cplusplus
|   choke me
| #endif
configure:2778: checking dependency style of gcc
configure:2868: result: gcc3
configure:2887: checking for strerror in -lcposix
configure:2917: gcc -o conftest -g -O2   conftest.c -lcposix   >&5
/usr/bin/ld: cannot find -lcposix
collect2: ld returned 1 exit status
configure:2923: $? = 1
configure: failed program was:
| /* confdefs.h.  */
| 
| #define PACKAGE_NAME ""
| #define PACKAGE_TARNAME ""
| #define PACKAGE_VERSION ""
| #define PACKAGE_STRING ""
| #define PACKAGE_BUGREPORT ""
| #define PACKAGE "glade"
| #define VERSION "0.1"
| /* end confdefs.h.  */
| 
| /* Override any gcc2 internal prototype to avoid an error.  */
| #ifdef __cplusplus
| extern "C"
| #endif
| /* We use char because int might match the return type of a gcc2
|    builtin and then its argument prototype would still apply.  */
| char strerror ();
| int
| main ()
| {
| strerror ();
|   ;
|   return 0;
| }
configure:2949: result: no
configure:3003: checking for gcc
configure:3029: result: gcc
configure:3273: checking for C compiler version
configure:3276: gcc --version </dev/null >&5
gcc (GCC) 4.1.2 20080704 (Red Hat 4.1.2-46)
Copyright (C) 2006 Free Software Foundation, Inc.
This is free software; see the source for copying conditions.  There is NO
warranty; not even for MERCHANTABILITY or FITNESS FOR A PARTICULAR PURPOSE.

configure:3279: $? = 0
configure:3281: gcc -v </dev/null >&5
Using built-in specs.
Target: x86_64-redhat-linux
Configured with: ../configure --prefix=/usr --mandir=/usr/share/man --infodir=/usr/share/info --enable-shared --enable-threads=posix --enable-checking=release --with-system-zlib --enable-__cxa_atexit --disable-libunwind-exceptions --enable-libgcj-multifile --enable-languages=c,c++,objc,obj-c++,java,fortran,ada --enable-java-awt=gtk --disable-dssi --enable-plugin --with-java-home=/usr/lib/jvm/java-1.4.2-gcj-1.4.2.0/jre --with-cpu=generic --host=x86_64-redhat-linux
Thread model: posix
gcc version 4.1.2 20080704 (Red Hat 4.1.2-46)
configure:3284: $? = 0
configure:3286: gcc -V </dev/null >&5
gcc: '-V' option must have argument
configure:3289: $? = 1
configure:3292: checking whether we are using the GNU C compiler
configure:3348: result: yes
configure:3354: checking whether gcc accepts -g
configure:3405: result: yes
configure:3422: checking for gcc option to accept ANSI C
configure:3529: result: none needed
configure:3547: gcc -c -g -O2  conftest.c >&5
conftest.c:2: error: expected '=', ',', ';', 'asm' or '__attribute__' before 'me'
configure:3553: $? = 1
configure: failed program was:
| #ifndef __cplusplus
|   choke me
| #endif
configure:3688: checking dependency style of gcc
configure:3778: result: gcc3
configure:3841: checking for gcc
configure:3867: result: gcc
configure:4111: checking for C compiler version
configure:4114: gcc --version </dev/null >&5
gcc (GCC) 4.1.2 20080704 (Red Hat 4.1.2-46)
Copyright (C) 2006 Free Software Foundation, Inc.
This is free software; see the source for copying conditions.  There is NO
warranty; not even for MERCHANTABILITY or FITNESS FOR A PARTICULAR PURPOSE.

configure:4117: $? = 0
configure:4119: gcc -v </dev/null >&5
Using built-in specs.
Target: x86_64-redhat-linux
Configured with: ../configure --prefix=/usr --mandir=/usr/share/man --infodir=/usr/share/info --enable-shared --enable-threads=posix --enable-checking=release --with-system-zlib --enable-__cxa_atexit --disable-libunwind-exceptions --enable-libgcj-multifile --enable-languages=c,c++,objc,obj-c++,java,fortran,ada --enable-java-awt=gtk --disable-dssi --enable-plugin --with-java-home=/usr/lib/jvm/java-1.4.2-gcj-1.4.2.0/jre --with-cpu=generic --host=x86_64-redhat-linux
Thread model: posix
gcc version 4.1.2 20080704 (Red Hat 4.1.2-46)
configure:4122: $? = 0
configure:4124: gcc -V </dev/null >&5
gcc: '-V' option must have argument
configure:4127: $? = 1
configure:4130: checking whether we are using the GNU C compiler
configure:4186: result: yes
configure:4192: checking whether gcc accepts -g
configure:4243: result: yes
configure:4260: checking for gcc option to accept ANSI C
configure:4367: result: none needed
configure:4385: gcc -c -g -O2  conftest.c >&5
conftest.c:2: error: expected '=', ',', ';', 'asm' or '__attribute__' before 'me'
configure:4391: $? = 1
configure: failed program was:
| #ifndef __cplusplus
|   choke me
| #endif
configure:4526: checking dependency style of gcc
configure:4616: result: gcc3
configure:4641: checking how to run the C preprocessor
configure:4676: gcc -E  conftest.c
configure:4682: $? = 0
configure:4714: gcc -E  conftest.c
conftest.c:11:28: error: ac_nonexistent.h: No such file or directory
configure:4720: $? = 1
configure: failed program was:
| /* confdefs.h.  */
| 
| #define PACKAGE_NAME ""
| #define PACKAGE_TARNAME ""
| #define PACKAGE_VERSION ""
| #define PACKAGE_STRING ""
| #define PACKAGE_BUGREPORT ""
| #define PACKAGE "glade"
| #define VERSION "0.1"
| /* end confdefs.h.  */
| #include <ac_nonexistent.h>
configure:4759: result: gcc -E
configure:4783: gcc -E  conftest.c
configure:4789: $? = 0
configure:4821: gcc -E  conftest.c
conftest.c:11:28: error: ac_nonexistent.h: No such file or directory
configure:4827: $? = 1
configure: failed program was:
| /* confdefs.h.  */
| 
| #define PACKAGE_NAME ""
| #define PACKAGE_TARNAME ""
| #define PACKAGE_VERSION ""
| #define PACKAGE_STRING ""
| #define PACKAGE_BUGREPORT ""
| #define PACKAGE "glade"
| #define VERSION "0.1"
| /* end confdefs.h.  */
| #include <ac_nonexistent.h>
configure:4871: checking for egrep
configure:4881: result: grep -E
configure:4886: checking for ANSI C header files
configure:4911: gcc -c -g -O2  conftest.c >&5
configure:4917: $? = 0
configure:4921: test -z 
			 || test ! -s conftest.err
configure:4924: $? = 0
configure:4927: test -s conftest.o
configure:4930: $? = 0
configure:5019: gcc -o conftest -g -O2   conftest.c  >&5
conftest.c: In function 'main':
conftest.c:28: warning: incompatible implicit declaration of built-in function 'exit'
configure:5022: $? = 0
configure:5024: ./conftest
configure:5027: $? = 0
configure:5042: result: yes
configure:5102: checking for pkg-config
configure:5120: found /usr/bin/pkg-config
configure:5132: result: /usr/bin/pkg-config
configure:5147: checking pkg-config is at least version 0.9.0
configure:5150: result: yes
configure:5161: checking for PACKAGE
configure:5169: $PKG_CONFIG --exists --print-errors "$pkg_modules"
configure:5172: $? = 0
configure:5187: $PKG_CONFIG --exists --print-errors "$pkg_modules"
configure:5190: $? = 0
configure:5266: result: yes
configure:5296: checking for sys/types.h
configure:5312: gcc -c -g -O2  conftest.c >&5
configure:5318: $? = 0
configure:5322: test -z 
			 || test ! -s conftest.err
configure:5325: $? = 0
configure:5328: test -s conftest.o
configure:5331: $? = 0
configure:5342: result: yes
configure:5296: checking for sys/stat.h
configure:5312: gcc -c -g -O2  conftest.c >&5
configure:5318: $? = 0
configure:5322: test -z 
			 || test ! -s conftest.err
configure:5325: $? = 0
configure:5328: test -s conftest.o
configure:5331: $? = 0
configure:5342: result: yes
configure:5296: checking for stdlib.h
configure:5312: gcc -c -g -O2  conftest.c >&5
configure:5318: $? = 0
configure:5322: test -z 
			 || test ! -s conftest.err
configure:5325: $? = 0
configure:5328: test -s conftest.o
configure:5331: $? = 0
configure:5342: result: yes
configure:5296: checking for string.h
configure:5312: gcc -c -g -O2  conftest.c >&5
configure:5318: $? = 0
configure:5322: test -z 
			 || test ! -s conftest.err
configure:5325: $? = 0
configure:5328: test -s conftest.o
configure:5331: $? = 0
configure:5342: result: yes
configure:5296: checking for memory.h
configure:5312: gcc -c -g -O2  conftest.c >&5
configure:5318: $? = 0
configure:5322: test -z 
			 || test ! -s conftest.err
configure:5325: $? = 0
configure:5328: test -s conftest.o
configure:5331: $? = 0
configure:5342: result: yes
configure:5296: checking for strings.h
configure:5312: gcc -c -g -O2  conftest.c >&5
configure:5318: $? = 0
configure:5322: test -z 
			 || test ! -s conftest.err
configure:5325: $? = 0
configure:5328: test -s conftest.o
configure:5331: $? = 0
configure:5342: result: yes
configure:5296: checking for inttypes.h
configure:5312: gcc -c -g -O2  conftest.c >&5
configure:5318: $? = 0
configure:5322: test -z 
			 || test ! -s conftest.err
configure:5325: $? = 0
configure:5328: test -s conftest.o
configure:5331: $? = 0
configure:5342: result: yes
configure:5296: checking for stdint.h
configure:5312: gcc -c -g -O2  conftest.c >&5
configure:5318: $? = 0
configure:5322: test -z 
			 || test ! -s conftest.err
configure:5325: $? = 0
configure:5328: test -s conftest.o
configure:5331: $? = 0
configure:5342: result: yes
configure:5296: checking for unistd.h
configure:5312: gcc -c -g -O2  conftest.c >&5
configure:5318: $? = 0
configure:5322: test -z 
			 || test ! -s conftest.err
configure:5325: $? = 0
configure:5328: test -s conftest.o
configure:5331: $? = 0
configure:5342: result: yes
configure:5369: checking locale.h usability
configure:5381: gcc -c -g -O2  conftest.c >&5
configure:5387: $? = 0
configure:5391: test -z 
			 || test ! -s conftest.err
configure:5394: $? = 0
configure:5397: test -s conftest.o
configure:5400: $? = 0
configure:5410: result: yes
configure:5414: checking locale.h presence
configure:5424: gcc -E  conftest.c
configure:5430: $? = 0
configure:5450: result: yes
configure:5485: checking for locale.h
configure:5492: result: yes
configure:5506: checking for LC_MESSAGES
configure:5527: gcc -o conftest -g -O2   conftest.c  >&5
configure:5533: $? = 0
configure:5537: test -z 
			 || test ! -s conftest.err
configure:5540: $? = 0
configure:5543: test -s conftest
configure:5546: $? = 0
configure:5558: result: yes
configure:5587: checking libintl.h usability
configure:5599: gcc -c -g -O2  conftest.c >&5
configure:5605: $? = 0
configure:5609: test -z 
			 || test ! -s conftest.err
configure:5612: $? = 0
configure:5615: test -s conftest.o
configure:5618: $? = 0
configure:5628: result: yes
configure:5632: checking libintl.h presence
configure:5642: gcc -E  conftest.c
configure:5648: $? = 0
configure:5668: result: yes
configure:5703: checking for libintl.h
configure:5710: result: yes
configure:5721: checking for ngettext in libc
configure:5744: gcc -o conftest -g -O2   conftest.c  >&5
configure:5750: $? = 0
configure:5754: test -z 
			 || test ! -s conftest.err
configure:5757: $? = 0
configure:5760: test -s conftest
configure:5763: $? = 0
configure:5776: result: yes
configure:5780: checking for dgettext in libc
configure:5803: gcc -o conftest -g -O2   conftest.c  >&5
configure:5809: $? = 0
configure:5813: test -z 
			 || test ! -s conftest.err
configure:5816: $? = 0
configure:5819: test -s conftest
configure:5822: $? = 0
configure:5835: result: yes
configure:5844: checking for bind_textdomain_codeset
configure:5901: gcc -o conftest -g -O2   conftest.c  >&5
configure:5907: $? = 0
configure:5911: test -z 
			 || test ! -s conftest.err
configure:5914: $? = 0
configure:5917: test -s conftest
configure:5920: $? = 0
configure:5932: result: yes
configure:6442: checking for msgfmt
configure:6469: result: /usr/bin/msgfmt
configure:6482: checking for dcgettext
configure:6539: gcc -o conftest -g -O2   conftest.c   >&5
conftest.c:50: warning: conflicting types for built-in function 'dcgettext'
configure:6545: $? = 0
configure:6549: test -z 
			 || test ! -s conftest.err
configure:6552: $? = 0
configure:6555: test -s conftest
configure:6558: $? = 0
configure:6570: result: yes
configure:6582: checking for gmsgfmt
configure:6613: result: /usr/bin/msgfmt
configure:6622: checking for xgettext
configure:6649: result: /usr/bin/xgettext
configure:6673: gcc -o conftest -g -O2   conftest.c   >&5
configure:6679: $? = 0
configure:6683: test -z 
			 || test ! -s conftest.err
configure:6686: $? = 0
configure:6689: test -s conftest
configure:6692: $? = 0
configure:7054: creating ./config.status

## ---------------------- ##
## Running config.status. ##
## ---------------------- ##

This file was extended by config.status, which was
generated by GNU Autoconf 2.59.  Invocation command line was

  CONFIG_FILES    = 
  CONFIG_HEADERS  = 
  CONFIG_LINKS    = 
  CONFIG_COMMANDS = 
  $ ./config.status 

on langur

config.status:716: creating Makefile
config.status:716: creating src/Makefile
config.status:716: creating po/Makefile.in
config.status:820: creating config.h
config.status:1120: executing depfiles commands
config.status:1120: executing default-1 commands

## ---------------- ##
## Cache variables. ##
## ---------------- ##

ac_cv_c_compiler_gnu=yes
ac_cv_env_CC_set=
ac_cv_env_CC_value=
ac_cv_env_CFLAGS_set=
ac_cv_env_CFLAGS_value=
ac_cv_env_CPPFLAGS_set=
ac_cv_env_CPPFLAGS_value=
ac_cv_env_CPP_set=
ac_cv_env_CPP_value=
ac_cv_env_LDFLAGS_set=
ac_cv_env_LDFLAGS_value=
ac_cv_env_PACKAGE_CFLAGS_set=
ac_cv_env_PACKAGE_CFLAGS_value=
ac_cv_env_PACKAGE_LIBS_set=
ac_cv_env_PACKAGE_LIBS_value=
ac_cv_env_PKG_CONFIG_set=
ac_cv_env_PKG_CONFIG_value=
ac_cv_env_build_alias_set=
ac_cv_env_build_alias_value=
ac_cv_env_host_alias_set=
ac_cv_env_host_alias_value=
ac_cv_env_target_alias_set=
ac_cv_env_target_alias_value=
ac_cv_exeext=
ac_cv_func_bind_textdomain_codeset=yes
ac_cv_func_dcgettext=yes
ac_cv_header_inttypes_h=yes
ac_cv_header_libintl_h=yes
ac_cv_header_locale_h=yes
ac_cv_header_memory_h=yes
ac_cv_header_stdc=yes
ac_cv_header_stdint_h=yes
ac_cv_header_stdlib_h=yes
ac_cv_header_string_h=yes
ac_cv_header_strings_h=yes
ac_cv_header_sys_stat_h=yes
ac_cv_header_sys_types_h=yes
ac_cv_header_unistd_h=yes
ac_cv_lib_cposix_strerror=no
ac_cv_objext=o
ac_cv_path_GMSGFMT=/usr/bin/msgfmt
ac_cv_path_MSGFMT=/usr/bin/msgfmt
ac_cv_path_XGETTEXT=/usr/bin/xgettext
ac_cv_path_ac_pt_PKG_CONFIG=/usr/bin/pkg-config
ac_cv_path_install='/usr/bin/install -c'
ac_cv_prog_AWK=gawk
ac_cv_prog_CPP='gcc -E'
ac_cv_prog_ac_ct_CC=gcc
ac_cv_prog_cc_g=yes
ac_cv_prog_cc_stdc=
ac_cv_prog_egrep='grep -E'
ac_cv_prog_make_make_set=yes
am_cv_CC_dependencies_compiler_type=gcc3
am_cv_prog_cc_stdc=
am_cv_val_LC_MESSAGES=yes
gt_cv_func_dgettext_libc=yes
gt_cv_func_dgettext_libintl=no
gt_cv_func_ngettext_libc=yes
gt_cv_have_gettext=yes
pkg_cv_PACKAGE_CFLAGS='-I/usr/include/gtk-2.0 -I/usr/lib64/gtk-2.0/include -I/usr/include/atk-1.0 -I/usr/include/cairo -I/usr/include/pango-1.0 -I/usr/include/glib-2.0 -I/usr/lib64/glib-2.0/include -I/usr/include/freetype2 -I/usr/include/libpng12  '
pkg_cv_PACKAGE_LIBS='-L/lib64 -lgtk-x11-2.0 -lgdk-x11-2.0 -latk-1.0 -lgdk_pixbuf-2.0 -lm -lpangocairo-1.0 -lpango-1.0 -lcairo -lgobject-2.0 -lgmodule-2.0 -ldl -lglib-2.0  '

## ----------------- ##
## Output variables. ##
## ----------------- ##

ACLOCAL='${SHELL} /export/home/langur/sbhatnag/src/tools/disp/gtkplot-5.0/gtkplot-5.0/disp/Glade/missing --run aclocal-1.9'
AMDEPBACKSLASH='\'
AMDEP_FALSE='#'
AMDEP_TRUE=''
AMTAR='${SHELL} /export/home/langur/sbhatnag/src/tools/disp/gtkplot-5.0/gtkplot-5.0/disp/Glade/missing --run tar'
AUTOCONF='${SHELL} /export/home/langur/sbhatnag/src/tools/disp/gtkplot-5.0/gtkplot-5.0/disp/Glade/missing --run autoconf'
AUTOHEADER='${SHELL} /export/home/langur/sbhatnag/src/tools/disp/gtkplot-5.0/gtkplot-5.0/disp/Glade/missing --run autoheader'
AUTOMAKE='${SHELL} /export/home/langur/sbhatnag/src/tools/disp/gtkplot-5.0/gtkplot-5.0/disp/Glade/missing --run automake-1.9'
AWK='gawk'
CATALOGS=''
CATOBJEXT='.gmo'
CC='gcc'
CCDEPMODE='depmode=gcc3'
CFLAGS='-g -O2'
CPP='gcc -E'
CPPFLAGS=''
CYGPATH_W='echo'
DATADIRNAME='share'
DEFS='-DHAVE_CONFIG_H'
DEPDIR='.deps'
ECHO_C=''
ECHO_N='-n'
ECHO_T=''
EGREP='grep -E'
EXEEXT=''
GETTEXT_PACKAGE='glade'
GMOFILES=''
GMSGFMT='/usr/bin/msgfmt'
INSTALL_DATA='${INSTALL} -m 644'
INSTALL_PROGRAM='${INSTALL}'
INSTALL_SCRIPT='${INSTALL}'
INSTALL_STRIP_PROGRAM='${SHELL} $(install_sh) -c -s'
INSTOBJEXT='.mo'
INTLLIBS=''
LDFLAGS=''
LIBOBJS=''
LIBS=''
LTLIBOBJS=''
MAINT=''
MAINTAINER_MODE_FALSE='#'
MAINTAINER_MODE_TRUE=''
MAKEINFO='${SHELL} /export/home/langur/sbhatnag/src/tools/disp/gtkplot-5.0/gtkplot-5.0/disp/Glade/missing --run makeinfo'
MKINSTALLDIRS='./mkinstalldirs'
MSGFMT='/usr/bin/msgfmt'
OBJEXT='o'
PACKAGE='glade'
PACKAGE_BUGREPORT=''
PACKAGE_CFLAGS='-I/usr/include/gtk-2.0 -I/usr/lib64/gtk-2.0/include -I/usr/include/atk-1.0 -I/usr/include/cairo -I/usr/include/pango-1.0 -I/usr/include/glib-2.0 -I/usr/lib64/glib-2.0/include -I/usr/include/freetype2 -I/usr/include/libpng12  '
PACKAGE_LIBS='-L/lib64 -lgtk-x11-2.0 -lgdk-x11-2.0 -latk-1.0 -lgdk_pixbuf-2.0 -lm -lpangocairo-1.0 -lpango-1.0 -lcairo -lgobject-2.0 -lgmodule-2.0 -ldl -lglib-2.0  '
PACKAGE_NAME=''
PACKAGE_STRING=''
PACKAGE_TARNAME=''
PACKAGE_VERSION=''
PATH_SEPARATOR=':'
PKG_CONFIG='/usr/bin/pkg-config'
POFILES=''
POSUB='po'
PO_IN_DATADIR_FALSE=''
PO_IN_DATADIR_TRUE=''
SET_MAKE=''
SHELL='/bin/sh'
STRIP=''
USE_NLS='yes'
VERSION='0.1'
XGETTEXT='/usr/bin/xgettext'
ac_ct_CC='gcc'
ac_ct_STRIP=''
ac_pt_PKG_CONFIG='/usr/bin/pkg-config'
am__fastdepCC_FALSE='#'
am__fastdepCC_TRUE=''
am__include='include'
am__leading_dot='.'
am__quote=''
am__tar='${AMTAR} chof - "$$tardir"'
am__untar='${AMTAR} xf -'
bindir='${exec_prefix}/bin'
build_alias=''
datadir='${prefix}/share'
exec_prefix='${prefix}'
host_alias=''
includedir='${prefix}/include'
infodir='${prefix}/info'
install_sh='/export/home/langur/sbhatnag/src/tools/disp/gtkplot-5.0/gtkplot-5.0/disp/Glade/install-sh'
libdir='${exec_prefix}/lib'
libexecdir='${exec_prefix}/libexec'
localstatedir='${prefix}/var'
mandir='${prefix}/man'
mkdir_p='mkdir -p --'
oldincludedir='/usr/include'
prefix='/usr/local'
program_transform_name='s,x,x,'
sbindir='${exec_prefix}/sbin'
sharedstatedir='${prefix}/com'
sysconfdir='${prefix}/etc'
target_alias=''

## ----------- ##
## confdefs.h. ##
## ----------- ##

#define ENABLE_NLS 1
#define GETTEXT_PACKAGE "glade"
#define HAVE_BIND_TEXTDOMAIN_CODESET 1
#define HAVE_DCGETTEXT 1
#define HAVE_GETTEXT 1
#define HAVE_INTTYPES_H 1
#define HAVE_LC_MESSAGES 1
#define HAVE_LOCALE_H 1
#define HAVE_MEMORY_H 1
#define HAVE_STDINT_H 1
#define HAVE_STDLIB_H 1
#define HAVE_STRINGS_H 1
#define HAVE_STRING_H 1
#define HAVE_SYS_STAT_H 1
#define HAVE_SYS_TYPES_H 1
#define HAVE_UNISTD_H 1
#define PACKAGE "glade"
#define PACKAGE_BUGREPORT ""
#define PACKAGE_NAME ""
#define PACKAGE_STRING ""
#define PACKAGE_TARNAME ""
#define PACKAGE_VERSION ""
#define STDC_HEADERS 1
#define VERSION "0.1"

configure: exit 0
