#LTAT      16.908287
#ASCII     1
#SCROLL    0
#NROWS     38
#NCOLS     13
#FREQ00    328095872.000000
#CHAN1     45
#CHAN2     45
#CHANINC   1
#LABEL00   ist
#LABEL01   C10-USB-130:C05-USB-130   a
#LABEL02   C10-USB-130:C03-USB-130   a
#LABEL03   C10-USB-130:C02-USB-130   a
#LABEL04   C10-USB-130:C14-USB-130   a
#LABEL05   C09-USB-130:C10-USB-130   a
#LABEL06   C04-USB-130:C10-USB-130   a
#LABEL07   C10-USB-130:C13-USB-130   a
#LABEL08   C10-USB-130:C08-USB-130   a
#LABEL09   C10-USB-130:C01-USB-130   a
#LABEL10   C10-USB-130:C11-USB-130   a
#LABEL11   C10-USB-130:C12-USB-130   a
#LABEL12   C10-USB-130:C06-USB-130   a
#End
#OBJECT= 3C286 RA=  13h31m009.81s DEC=  30d30'0026.2" Lambda= 0.913734 DATE-OBS= Sat May 27 00:03:02 2000
  2.38788414E+01   6.75930083E-02   7.59684443E-02    1.02531195E-01    1.08079292E-01    1.10438854E-01    1.18508667E-01    1.04750037E-01    1.09738223E-01    1.01525679E-01    7.78392479E-02    6.59510717E-02    4.96376082E-02  
  2.38835373E+01   6.97217807E-02   8.12809467E-02    1.06087387E-01    1.10980056E-01    1.11543290E-01    1.18541270E-01    1.08350046E-01    1.07724346E-01    1.03829525E-01    7.86093771E-02    6.17814958E-02    4.89003845E-02  
  2.38882351E+01   6.89490736E-02   7.65197203E-02    1.07572615E-01    1.08563349E-01    1.13379836E-01    1.19390644E-01    1.06080934E-01    1.09518282E-01    9.97207463E-02    7.87366554E-02    5.93868010E-02    4.70461361E-02  
  2.38929310E+01   6.99973330E-02   7.94361830E-02    9.91843715E-02    1.08718984E-01    1.11966759E-01    1.19339682E-01    1.04910851E-01    1.09862067E-01    1.00619286E-01    7.60586113E-02    6.18503876E-02    5.12449369E-02  
  2.38976288E+01   6.87842518E-02   8.12028497E-02    1.00847781E-01    1.09424323E-01    1.13901801E-01    1.21447608E-01    1.09523736E-01    1.11210383E-01    1.03722699E-01    8.17213207E-02    6.11293837E-02    4.77761477E-02  
  2.39023266E+01   6.95730224E-02   7.53621161E-02    1.03066839E-01    1.04852788E-01    1.12185478E-01    1.18743382E-01    1.00278482E-01    1.11400619E-01    9.87043679E-02    8.05630460E-02    6.26151189E-02    4.75516543E-02  
  2.39070225E+01   6.85733929E-02   7.60139748E-02    1.00854799E-01    1.05403185E-01    1.12605415E-01    1.17497496E-01    1.08342819E-01    1.10224627E-01    1.03123061E-01    7.94236585E-02    5.96628897E-02    5.18985726E-02  
  2.39117184E+01   6.84871078E-02   7.88059309E-02    1.00475438E-01    1.07456766E-01    1.13818631E-01    1.19509481E-01    1.07340768E-01    1.10694826E-01    1.02560416E-01    8.01291615E-02    5.81085570E-02    5.09084910E-02  
  2.39164143E+01   6.99899644E-02   7.42717907E-02    9.88079160E-02    1.09569564E-01    1.11640885E-01    1.22371957E-01    1.05832048E-01    1.07004389E-01    1.04835257E-01    7.73491859E-02    6.58311024E-02    4.55644764E-02  
  2.39211140E+01   6.54740706E-02   8.05044174E-02    1.02396093E-01    1.05528548E-01    1.09744295E-01    1.15472257E-01    1.05944484E-01    1.09175108E-01    1.01000592E-01    7.67230019E-02    5.94157502E-02    5.10986298E-02  
  2.39258099E+01   6.60023540E-02   7.83761516E-02    1.02724649E-01    1.05785102E-01    1.13976188E-01    1.21832646E-01    1.08937651E-01    1.10714331E-01    9.95490775E-02    7.91086406E-02    5.85209578E-02    5.02957702E-02  
  2.39305058E+01   6.48154542E-02   7.57252723E-02    1.00869171E-01    1.12094879E-01    1.15616761E-01    1.17275693E-01    1.02337606E-01    1.12217851E-01    9.73837823E-02    8.09894949E-02    6.10654615E-02    4.67612371E-02  
  2.39352016E+01   6.78296760E-02   7.40767121E-02    9.93949249E-02    1.03233516E-01    1.09907262E-01    1.13305241E-01    1.05808042E-01    1.07595570E-01    9.52463672E-02    7.59857595E-02    6.10647537E-02    4.72353213E-02  
  2.39398994E+01   6.72111213E-02   7.85890296E-02    1.03473850E-01    1.09636761E-01    1.10872000E-01    1.20754592E-01    1.11192778E-01    1.14773899E-01    9.96137261E-02    8.00420195E-02    6.01194389E-02    5.11986166E-02  
  2.39445972E+01   6.97365329E-02   7.50699118E-02    1.00263976E-01    1.10858060E-01    1.12916313E-01    1.23655245E-01    1.03155352E-01    1.09468028E-01    9.88406762E-02    7.91951865E-02    6.56018108E-02    4.78180684E-02  
  2.39492931E+01   6.82842210E-02   7.71087185E-02    1.00173779E-01    1.13170229E-01    1.10422321E-01    1.18685573E-01    1.10035598E-01    1.07763380E-01    9.57057104E-02    7.90438056E-02    6.10998347E-02    4.76842076E-02  
  2.39539909E+01   6.45654425E-02   7.87866712E-02    1.02517933E-01    1.07553154E-01    1.10050939E-01    1.22950196E-01    1.06011830E-01    1.12020262E-01    1.00870922E-01    7.94232488E-02    6.07547127E-02    5.21955304E-02  
  2.39586868E+01   6.83355629E-02   7.65588060E-02    1.02751978E-01    1.12001255E-01    1.09069519E-01    1.21069677E-01    1.05743259E-01    1.14480630E-01    1.04104079E-01    8.11409578E-02    6.33787140E-02    5.14719039E-02  
  2.39633827E+01   6.82699680E-02   8.29674304E-02    9.66138691E-02    1.10721610E-01    1.13348812E-01    1.19425789E-01    1.10658072E-01    1.12814508E-01    1.01850204E-01    8.09515789E-02    6.40888065E-02    5.25197051E-02  
  2.39680786E+01   6.99484572E-02   7.73660913E-02    1.05388977E-01    1.11386545E-01    1.10961668E-01    1.25235140E-01    1.09550349E-01    1.11097775E-01    1.03873201E-01    8.16687495E-02    6.45623729E-02    4.95975018E-02  
  2.39727783E+01   6.81748763E-02   8.18005875E-02    1.04518540E-01    1.09575897E-01    1.14854783E-01    1.20227493E-01    1.10937789E-01    1.14752054E-01    1.01878524E-01    8.06825161E-02    5.99142388E-02    4.85656112E-02  
  2.39774742E+01   6.34272546E-02   7.68604502E-02    1.00094266E-01    1.13807879E-01    1.19489618E-01    1.16712026E-01    1.12999082E-01    1.14685483E-01    9.75340232E-02    8.16896632E-02    6.04904778E-02    5.01540117E-02  
  2.39821701E+01   6.84925690E-02   8.14603642E-02    1.02425687E-01    1.16529457E-01    1.17814392E-01    1.21223502E-01    1.08485244E-01    1.10825337E-01    9.88713801E-02    7.68304169E-02    6.03051595E-02    4.48666662E-02  
  2.39868660E+01   6.66258559E-02   8.23077410E-02    1.00928970E-01    1.07109264E-01    1.10876210E-01    1.23173028E-01    1.10076591E-01    1.07953005E-01    9.80088711E-02    8.18307996E-02    6.27805665E-02    4.80170473E-02  
  2.39915638E+01   6.38099164E-02   7.69289434E-02    1.04041196E-01    1.08543396E-01    1.10463530E-01    1.18354730E-01    1.12747744E-01    1.08990677E-01    1.01269990E-01    7.94645250E-02    6.00696094E-02    4.61751334E-02  
  2.39962616E+01   6.61396459E-02   7.68980309E-02    1.03559151E-01    1.15488142E-01    1.13017015E-01    1.20827511E-01    1.06188603E-01    1.14881888E-01    9.98936594E-02    8.27710032E-02    6.19062483E-02    4.84836698E-02  
  2.40009575E+01   6.53317496E-02   7.87300766E-02    1.06166221E-01    1.09844513E-01    1.09137617E-01    1.19107433E-01    1.07092999E-01    1.16442248E-01    1.03884943E-01    8.27156305E-02    6.11789636E-02    4.80676740E-02  
  2.40056534E+01   6.61782995E-02   7.98123702E-02    1.04756281E-01    1.10457331E-01    1.08599558E-01    1.24884196E-01    1.18037194E-01    1.18417382E-01    1.04061469E-01    8.40606242E-02    6.04843907E-02    4.95487787E-02  
  2.40103512E+01   6.79436699E-02   7.36635625E-02    1.01557866E-01    1.09597288E-01    1.09634943E-01    1.20300375E-01    1.04603164E-01    1.13868251E-01    1.04321316E-01    7.60096908E-02    6.25301078E-02    5.18575385E-02  
  2.40150471E+01   6.78576306E-02   8.35501179E-02    1.01580158E-01    1.16511621E-01    1.12245366E-01    1.18391149E-01    1.08450629E-01    1.10792227E-01    1.05353422E-01    8.21670666E-02    5.96169867E-02    5.13349585E-02  
  2.40197449E+01   6.55744970E-02   7.52846152E-02    9.54790935E-02    1.11585967E-01    1.13940239E-01    1.19965233E-01    1.20684370E-01    1.14369437E-01    1.01026982E-01    8.09561610E-02    5.92343286E-02    5.13995551E-02  
  2.40244427E+01   7.08369985E-02   8.03217813E-02    1.01692960E-01    1.11303605E-01    1.10691287E-01    1.22248195E-01    1.05020806E-01    1.12806693E-01    1.06909379E-01    7.89591819E-02    6.29364327E-02    5.02086319E-02  
  2.40291386E+01   6.79674596E-02   8.38025510E-02    9.99492407E-02    1.16567478E-01    1.12410501E-01    1.24387302E-01    1.16114922E-01    1.13741294E-01    1.07079580E-01    8.31953362E-02    6.28594086E-02    5.53754382E-02  
  2.40338345E+01   6.77039176E-02   7.93214515E-02    1.07682727E-01    1.15662917E-01    1.09593272E-01    1.19749330E-01    1.19706474E-01    1.17426686E-01    1.05248064E-01    8.21518898E-02    5.56001477E-02    5.49094975E-02  
